<?xml version="1.0" encoding="UTF-8"?>
<!-- Generated by org.testng.reporters.JUnitReportReporter -->
<testsuite hostname="EC2AMAZ-S11DBRH" failures="1" tests="3" name="runners.MyTestRunner" time="25.942" errors="0" timestamp="2023-08-25T04:17:51 GMT" skipped="0">
  <testcase classname="runners.MyTestRunner" name="runScenario" time="6.086"/>
  <system-out/>
  <testcase classname="runners.MyTestRunner" name="runScenario" time="13.033"/>
  <system-out/>
  <testcase classname="runners.MyTestRunner" name="runScenario" time="6.823">
    <failure message="expected [Selenium1 Tutorial - Google Search] but found [Selenium Tutorial - Google Search]" type="java.lang.AssertionError">
      <![CDATA[java.lang.AssertionError: expected [Selenium1 Tutorial - Google Search] but found [Selenium Tutorial - Google Search]
at org.testng.Assert.fail(Assert.java:110)
at org.testng.Assert.failNotEquals(Assert.java:1413)
at org.testng.Assert.assertEqualsImpl(Assert.java:149)
at org.testng.Assert.assertEquals(Assert.java:131)
at org.testng.Assert.assertEquals(Assert.java:655)
at org.testng.Assert.assertEquals(Assert.java:665)
at stepDefs.GooglePageDefs.Should_Displayed_Selenium_Search_Page(GooglePageDefs.java:55)
at ✽.Should Displayed Selenium Search Page(file:///C:/Himmat/CucumberProject/src/test/resources/features/GooglePageSearch.feature:11)
]]>
    </failure>
  </testcase> <!-- runScenario -->
  <system-out/>
</testsuite> <!-- runners.MyTestRunner -->
